[07/01/24, 13:29:59:231] info: 
╔══════════════════════════════════════════════════════╗
║      Slack 4.39.88, linux 6.8.4-t2-jammy on x64      ║
╚══════════════════════════════════════════════════════╝ 
[07/01/24, 13:29:59:232] info: Configured logger via 
{
  "loggerInstanceCount": 1
}
[07/01/24, 13:29:59:253] info: Predefined values for process 
{
  "NODE_ENV": "production",
  "platform": "linux",
  "type": "browser",
  "timeZone": "Europe/Berlin",
  "PACKAGE_MANIFEST.productName": "Slack",
  "PACKAGE_MANIFEST.version": "4.39.88",
  "PACKAGE_MANIFEST.commit": "6761143",
  "PACKAGE_MANIFEST.branch": "HEAD"
}
[07/01/24, 13:29:59:365] info: persistUuid:: Generated uuid 
{
  "uuid": "aa8dd129-9419-4135-9e2a-8a08618d09c3"
}
[07/01/24, 13:29:59:365] info: persistUuid:: Uuid persisted successfully 
[07/01/24, 13:29:59:366] info: getSentryDSN: Setting sentry URL to slack.com 
[07/01/24, 13:29:59:382] info: Could not load previous electron version 
[07/01/24, 13:30:00:226] info: Breadcrumb: electron: app.will-finish-launching 
[07/01/24, 13:30:00:232] info: Breadcrumb: electron: app.ready 
[07/01/24, 13:30:00:273] info: Breadcrumb: electron: app.session-created 
[07/01/24, 13:30:00:274] info: Breadcrumb: electron: app.session-created 
[07/01/24, 13:30:00:289] info: Store: persist/PERSIST 
[07/01/24, 13:30:00:291] info: Store: UPDATE_SETTINGS 
{
  "locale": "en-US"
}
[07/01/24, 13:30:00:293] info: Migrating from redux-persist@v4 
[07/01/24, 13:30:00:293] info: Finished migrating state 
{
  "keys": [
    "_persist"
  ],
  "version": 1
}
[07/01/24, 13:30:00:293] info: Store: persist/REHYDRATE 
{
  "_persist": "Persistence version: 1"
}
[07/01/24, 13:30:00:294] warn: Telemetry queued before configured 
{
  "event": 1001000
}
[07/01/24, 13:30:00:295] info: Store: RECORD_PERFORMANCE_TIMING 
{
  "phase": 0,
  "interval": 8
}
[07/01/24, 13:30:00:296] info: Store: INITIALIZE 
{
  "0": {
    "tokens": [
      "z-app-T07A4T7MQHW-7369899264657-31426492ffd6e76424833b4de9df26d9d68a58c5faab6b02772a9cd2f997a226"
    ]
  },
  "resourcePath": "/usr/lib/slack/resources/app.asar",
  "tsaToken": "[REDACTED]",
  "bootFragments": [],
  "protoUrl": "[REDACTED]"
}
[07/01/24, 13:30:00:303] info: Store: SET_SESSION_MODE 
[07/01/24, 13:30:00:304] info: Feature Check: requesting features from https://app.slack.com/api/ 
[07/01/24, 13:30:00:307] info: Breadcrumb: electron: powerMonitor.newListener 
[07/01/24, 13:30:00:307] info: Breadcrumb: electron: powerMonitor.newListener 
[07/01/24, 13:30:00:310] error: Failed to load calls-desktop-interop.WindowBorderPanel 
{
  "error": {
    "name": "Error",
    "stack": "Error: Module did not self-register: '/usr/lib/slack/resources/app.asar.unpacked/node_modules/@tinyspeck/huddles-desktop-utils/build/Release/CallsDesktopInterop.node'.\n    at process.func [as dlopen] (node:electron/js2c/node_init:2:2559)\n    at Module._extensions..node (node:internal/modules/cjs/loader:1470:18)\n    at Object.func [as .node] (node:electron/js2c/node_init:2:2786)\n    at Module.load (node:internal/modules/cjs/loader:1215:32)\n    at Module._load (node:internal/modules/cjs/loader:1031:12)\n    at c._load (node:electron/js2c/node_init:2:17025)\n    at Module.require (node:internal/modules/cjs/loader:1240:19)\n    at require (node:internal/modules/helpers:179:18)\n    at bindings (/usr/lib/slack/resources/app.asar/node_modules/bindings/bindings.js:112:48)\n    at Object.<anonymous> (/usr/lib/slack/resources/app.asar/node_modules/@tinyspeck/huddles-desktop-utils/lib/index.js:1:34)",
    "message": "Module did not self-register: '/usr/lib/slack/resources/app.asar.unpacked/node_modules/@tinyspeck/huddles-desktop-utils/build/Release/CallsDesktopInterop.node'.",
    "code": "ERR_DLOPEN_FAILED"
  }
}
[07/01/24, 13:30:00:317] warn: Failed to install protocol handler for slack:// links 
[07/01/24, 13:30:00:317] info: Startup Display id=1706621428996435 at (0, 0) [2560 x 1440] 
[07/01/24, 13:30:00:347] info: Breadcrumb: electron: app.gpu-info-update 
[07/01/24, 13:30:00:352] info: getLinuxDistro: osInfo 
{
  "stdoutValue": "Ubuntu\nUbuntu 22.04.4 LTS\n22.04\njammy\n",
  "osInfo": [
    "Ubuntu 22.04.4 LTS",
    "22.04",
    "jammy",
    ""
  ]
}
[07/01/24, 13:30:00:353] info: Store: READY 
{
  "0": {
    "tokens": [
      "z-app-T07A4T7MQHW-7369899264657-31426492ffd6e76424833b4de9df26d9d68a58c5faab6b02772a9cd2f997a226"
    ]
  },
  "resourcePath": "/usr/lib/slack/resources/app.asar",
  "tsaToken": "[REDACTED]",
  "bootFragments": [],
  "protoUrl": "[REDACTED]",
  "appVersion": "4.39.88",
  "arch": "x64",
  "isGpuCompositionAvailable": true,
  "isTitleBarHidden": false,
  "platform": "linux",
  "platformVersion": {
    "major": 6,
    "minor": 8,
    "build": 4
  },
  "developerMenuOverride": false,
  "uuid": "aa8dd129-9419-4135-9e2a-8a08618d09c3",
  "applicationProcessSessionId": "YWE4ZGQxMjktOTQxOS00MTM1LTllMmEtOGEwODYxOGQwOWMzXzE3MTk4MzMzOTkzNjU=",
  "distribution": "DDL",
  "clientEnvironment": 1000,
  "invokedOnStartup": false,
  "linux": {
    "os": "Ubuntu 22.04.4 LTS",
    "name": "22.04",
    "release": "jammy",
    "codename": "",
    "desktopEnvironment": "Unity"
  }
}
[07/01/24, 13:30:00:353] info: initializeApplicationEpic: trying to set ntlm credential domain for session 
{
  "sessionId": "PROD_DEFAULT_SESSION"
}
[07/01/24, 13:30:00:354] info: initializeApplicationEpic: Setting spellcheck dictionary URL 
{
  "dictionaryUrl": "https://spellcheck.slack-edge.com/dictionaries_v2/"
}
[07/01/24, 13:30:00:354] info: initializeApplicationEpic: Welcome to Slack 4.39.88 x64 
[07/01/24, 13:30:00:354] info: Breadcrumb: electron: powerMonitor.newListener 
[07/01/24, 13:30:00:355] info: logExternalConfigEpic: initial external config 
{
  "defaults": {}
}
[07/01/24, 13:30:00:355] info: AutoLoginEpic: Checking for autologin. 
[07/01/24, 13:30:00:356] info: getIsUpdateSupported: Updates are not supported 
{
  "version": "4.39.88",
  "reasons": [
    "using Linux"
  ],
  "distribution": "DDL",
  "executable": "/usr/lib/slack"
}
[07/01/24, 13:30:00:358] info: persistUuid:: Generated uuid 
{
  "uuid": "724addb3-b57e-46d9-9313-9430229a3ff4"
}
[07/01/24, 13:30:00:358] info: persistUuid:: Uuid persisted successfully 
[07/01/24, 13:30:00:367] info: Store: SET_ACCESSIBILITY_SUPPORT_ENABLED 
[07/01/24, 13:30:00:368] info: Store: CREATE_WINDOW 
{
  "type": "main"
}
[07/01/24, 13:30:00:368] info: Store: HANDLE_DEEP_LINK 
{
  "url": "slack://T07A4T7MQHW/magic-login/7369899264657-31426492ffd6e76424833b4de9df26d9d68a58c5faab6b02772a9cd2f997a226?id=1"
}
[07/01/24, 13:30:00:368] info: Store: UPDATE_SETTINGS 
{
  "isSignedIntoSlackOrg": false
}
[07/01/24, 13:30:00:388] info: Breadcrumb: electron: app.web-contents-created 
[07/01/24, 13:30:00:395] info: Breadcrumb: electron: app.browser-window-created 
[07/01/24, 13:30:00:404] info: MagicLogin: Making magic login API request to https://app.slack.com/api/ 
[07/01/24, 13:30:00:408] info: Store: MAGIC_LOGIN_IN_PROGRESS true
[07/01/24, 13:30:00:410] info: initialSettingsPayload: trying to invalidate settings 
{
  "payload": {
    "launchOnStartup": false,
    "PrefSSBFileDownloadPath": "/home/[REDACTED]/Downloads",
    "PrefSSBFileDownloadPathDisplayName": "Downloads",
    "hasRunApp": true
  }
}
[07/01/24, 13:30:00:410] info: Store: UPDATE_SETTINGS 
{
  "launchOnStartup": false,
  "PrefSSBFileDownloadPath": "/home/[REDACTED]/Downloads",
  "PrefSSBFileDownloadPathDisplayName": "Downloads",
  "hasRunApp": true
}
[07/01/24, 13:30:00:412] info: Store: SET_UPDATE_SUPPORTED 
[07/01/24, 13:30:00:414] info: registerLifeCycleEvents: Registering webContents:1 
[07/01/24, 13:30:00:414] info: Store: UPSERT_WEB_CONTENTS 
{
  "id": 1,
  "state": "unloaded"
}
[07/01/24, 13:30:00:448] info: Store: TOKEN_FILE_PROCESSED 
[07/01/24, 13:30:00:449] info: AutoLoginEpic: Processing token file for autologin. 
[07/01/24, 13:30:00:449] info: AutoLoginEpic: Completed autologin processing — successfully logged in 0 workspaces. 
[07/01/24, 13:30:00:449] info: AutoLoginEpic: Setting default sign-in team to null 
[07/01/24, 13:30:00:449] info: Store: AUTOLOGIN_TEAMS_COMPLETE 
[07/01/24, 13:30:00:449] info: Store: UPDATE_SETTINGS 
{
  "defaultSigninTeam": null
}
[07/01/24, 13:30:00:453] info: Breadcrumb: electron: app.web-contents-created 
[07/01/24, 13:30:00:453] info: Breadcrumb: electron: app.browser-window-created 
[07/01/24, 13:30:00:454] info: MainWindowEpics: Setting main window ID 
{
  "id": 2
}
[07/01/24, 13:30:00:454] info: getSonicBaseURL: Booting into devEnv 
{
  "url": "https://app.slack.com"
}
[07/01/24, 13:30:00:456] info: Store: WINDOW_CREATED 
{
  "type": "main",
  "webappType": "app",
  "initialLoadURL": "https://app.slack.com/ssb/first?redir=%2Fssb%2Fclient",
  "id": 2,
  "frame": {
    "isHtmlFullScreen": false,
    "isCurrentlyAudible": false,
    "isFullScreen": false,
    "isMinimized": false,
    "isMaximized": false,
    "isVisible": false,
    "isFocused": false,
    "bounds": {
      "x": 880,
      "y": 400,
      "width": 800,
      "height": 600
    },
    "hasVibrancy": false
  }
}
[07/01/24, 13:30:00:459] info: Breadcrumb: electron: powerMonitor.newListener 
[07/01/24, 13:30:00:459] info: Breadcrumb: electron: powerMonitor.newListener 
[07/01/24, 13:30:00:460] info: Watching for keyboard layout changes 
[07/01/24, 13:30:00:462] info: Store: RECORD_PERFORMANCE_TIMING 
{
  "phase": 1,
  "interval": 163
}
[07/01/24, 13:30:00:462] info: Store: UPDATE_SETTINGS 
{
  "keyboardLayout": "us,us"
}
[07/01/24, 13:30:00:465] info: registerLifeCycleEvents: Registering webContents:2 
[07/01/24, 13:30:00:465] info: registerLifeCycleEvents: webContents:2 is type 'app' 
[07/01/24, 13:30:00:465] info: Store: UPSERT_WEB_CONTENTS 
{
  "id": 2,
  "state": "unloaded",
  "type": "app"
}
[07/01/24, 13:30:00:468] info: getSonicBaseURL: Booting into devEnv 
{
  "url": "https://app.slack.com"
}
[07/01/24, 13:30:00:476] info: System configuration information 
{
  "info": {
    "total_memory_in_gb": 8,
    "gpuFeatures": {
      "2d_canvas": "enabled",
      "canvas_oop_rasterization": "enabled_on",
      "direct_rendering_display_compositor": "disabled_off_ok",
      "gpu_compositing": "enabled",
      "multiple_raster_threads": "enabled_on",
      "opengl": "enabled_on",
      "rasterization": "enabled",
      "raw_draw": "disabled_off_ok",
      "skia_graphite": "disabled_off",
      "video_decode": "enabled",
      "video_encode": "disabled_software",
      "vulkan": "disabled_off",
      "webgl": "enabled",
      "webgl2": "enabled",
      "webgpu": "disabled_off",
      "webnn": "disabled_off"
    },
    "cpu_model": "Intel(R) Core(TM) i5-10500 CPU @ 3.10GHz",
    "cpu_logical_core": 12,
    "cpu_clock_speed": 4258,
    "gpuDevice": [
      {
        "active": true,
        "cudaComputeCapabilityMajor": 0,
        "deviceId": 29504,
        "gpuPreference": 0,
        "vendorId": 4098
      }
    ],
    "machine_model_name": "unknown",
    "machine_model_version": "unknown",
    "crash_db_size_kb": 1
  }
}
[07/01/24, 13:30:00:580] info: Finished download of spellcheck dictionary 
{
  "code": "en-US"
}
[07/01/24, 13:30:00:581] info: Spellcheck dictionary initialized 
{
  "code": "en-US"
}
[07/01/24, 13:30:00:616] info: Breadcrumb: electron.net: undefined 
{
  "url": "https://app.slack.com/api/desktop.features",
  "method": "GET",
  "status_code": 200
}
[07/01/24, 13:30:00:623] info: Feature Check: received experiments 
{
  "ok": true,
  "experiments": [
    {
      "experiment": "",
      "disable_chrome_features": [
        "PostQuantumKyber"
      ],
      "type": "normal"
    }
  ]
}
[07/01/24, 13:30:00:778] info: Breadcrumb: electron: renderer.dom-ready 
{
  "id": 1,
  "url": "https://app.slack.com/api/auth.loginMagicBulk?magic_tokens=z-app-T07A4T7MQHW-7369899264657-31426492ffd6e76424833b4de9df26d9d68a58c5faab6b02772a9cd2f997a226&ssb=1"
}
[07/01/24, 13:30:00:778] info: registerLifeCycleEvents: webContents:1 from 'unloaded' to 'loaded' took 364 ms 
[07/01/24, 13:30:00:778] info: Store: UPSERT_WEB_CONTENTS 
{
  "id": 1,
  "state": "loaded"
}
[07/01/24, 13:30:00:779] info: Store: RECORD_PERFORMANCE_TIMING 
{
  "phase": 2,
  "interval": 322
}
[07/01/24, 13:30:00:785] info: registerLifeCycleEvents: webContents:1 is type 'auth' 
[07/01/24, 13:30:00:785] info: Store: UPSERT_WEB_CONTENTS 
{
  "id": 1,
  "type": "auth",
  "history": "[REDACTED]"
}
[07/01/24, 13:30:00:787] info: Breadcrumb: electron: window.ready-to-show 
{
  "id": 1,
  "url": "https://app.slack.com/api/auth.loginMagicBulk?magic_tokens=z-app-T07A4T7MQHW-7369899264657-31426492ffd6e76424833b4de9df26d9d68a58c5faab6b02772a9cd2f997a226&ssb=1"
}
[07/01/24, 13:30:00:791] info: Breadcrumb: electron: window.close 
{
  "id": 1,
  "url": "https://app.slack.com/api/auth.loginMagicBulk?magic_tokens=z-app-T07A4T7MQHW-7369899264657-31426492ffd6e76424833b4de9df26d9d68a58c5faab6b02772a9cd2f997a226&ssb=1"
}
[07/01/24, 13:30:00:791] info: registerLifeCycleEvents: webContents:1 from 'loaded' to 'page-closed' took 6 ms 
[07/01/24, 13:30:00:791] info: Store: UPSERT_WEB_CONTENTS 
{
  "id": 1,
  "state": "page-closed"
}
[07/01/24, 13:30:00:792] info: Store: MAGIC_LOGIN_IN_PROGRESS 
[07/01/24, 13:30:00:793] info: Breadcrumb: electron: renderer.destroyed 
{
  "id": 1,
  "url": "https://app.slack.com/api/auth.loginMagicBulk?magic_tokens=z-app-T07A4T7MQHW-7369899264657-31426492ffd6e76424833b4de9df26d9d68a58c5faab6b02772a9cd2f997a226&ssb=1"
}
[07/01/24, 13:30:00:794] info: Store: REMOVE_WEB_CONTENTS 
{
  "id": 1
}
[07/01/24, 13:30:00:827] info: Breadcrumb: electron: window.closed 
{
  "id": 1,
  "url": "https://app.slack.com/api/auth.loginMagicBulk?magic_tokens=z-app-T07A4T7MQHW-7369899264657-31426492ffd6e76424833b4de9df26d9d68a58c5faab6b02772a9cd2f997a226&ssb=1"
}
[07/01/24, 13:30:01:391] info: Store: UPDATE_SETTINGS 
{
  "userTheme": "light"
}
[07/01/24, 13:30:01:392] info: Store: UPDATE_SETTINGS 
{
  "systemThemeSyncEnabled": false
}
[07/01/24, 13:30:01:465] info: Store: SET_WINDOW_FRAME 
{
  "id": 2,
  "frame": {
    "bounds": {
      "x": 768,
      "y": 298,
      "width": 1024,
      "height": 802
    },
    "isMaximized": false
  },
  "fromEvent": true
}
[07/01/24, 13:30:01:466] info: Store: SET_WINDOW_FRAME 
{
  "id": 2,
  "frame": {
    "bounds": {
      "x": 768,
      "y": 298,
      "width": 1024,
      "height": 802
    },
    "isMaximized": false
  },
  "fromEvent": true
}
[07/01/24, 13:30:01:600] info: Breadcrumb: electron: renderer.dom-ready 
{
  "id": 2,
  "url": "https://app.slack.com/ssb/first?redir=%2Fssb%2Fclient"
}
[07/01/24, 13:30:01:600] info: registerLifeCycleEvents: webContents:2 from 'unloaded' to 'loaded' took 1135 ms 
[07/01/24, 13:30:01:601] info: Store: UPSERT_WEB_CONTENTS 
{
  "id": 2,
  "state": "loaded"
}
[07/01/24, 13:30:01:601] info: initializeMainWindowEpic: Showing main window 
{
  "maximized": false,
  "shouldHide": false,
  "fullScreen": false
}
[07/01/24, 13:30:01:602] info: Breadcrumb: electron: window.show 
{
  "id": 2,
  "url": "https://app.slack.com/ssb/first?redir=%2Fssb%2Fclient"
}
[07/01/24, 13:30:01:603] info: Store: SET_WINDOW_FRAME 
{
  "id": 2,
  "frame": {
    "isVisible": true
  },
  "fromEvent": true
}
[07/01/24, 13:30:01:603] info: Store: MAIN_WINDOW_SHOWN 
[07/01/24, 13:30:01:605] info: Store: UPDATE_SETTINGS 
{
  "mainWindowSettings": {
    "fullScreen": false,
    "maximized": false,
    "bounds": {
      "x": 768,
      "y": 298,
      "width": 1024,
      "height": 802
    }
  }
}
[07/01/24, 13:30:01:606] info: Store: CLEAR_NOTIFICATIONS 
[07/01/24, 13:30:01:607] info: waitAuthCookieChange: waiting for auth change for session 
{
  "sessionId": "PROD_DEFAULT_SESSION"
}
[07/01/24, 13:30:01:611] info: Breadcrumb: electron: window.ready-to-show 
{
  "id": 2,
  "url": "https://app.slack.com/ssb/first?redir=%2Fssb%2Fclient"
}
[07/01/24, 13:30:01:613] info: Permission check granted: 
{
  "isMainFrame": true,
  "permission": "background-sync",
  "requestingOrigin": "https://app.slack.com/",
  "requestingUrl": "https://app.slack.com/ssb/first?redir=%2Fssb%2Fclient",
  "securityOrigin": null
}
[07/01/24, 13:30:01:615] info: Breadcrumb: electron: window.focus 
{
  "id": 2,
  "url": "https://app.slack.com/ssb/first?redir=%2Fssb%2Fclient"
}
[07/01/24, 13:30:01:615] info: Breadcrumb: electron: app.browser-window-focus 
[07/01/24, 13:30:01:615] info: Store: SET_WINDOW_FRAME 
{
  "id": 2,
  "frame": {
    "isFocused": true
  },
  "fromEvent": true
}
[07/01/24, 13:30:01:652] info: registerLifeCycleEvents: webContents:2 is type 'app' 
[07/01/24, 13:30:01:652] info: Store: UPSERT_WEB_CONTENTS 
{
  "id": 2,
  "type": "app",
  "history": "[REDACTED]"
}
[07/01/24, 13:30:01:653] info: Store: SET_WINDOW_FRAME 
{
  "id": 2,
  "frame": {
    "isVisible": true,
    "isFocused": true
  },
  "fromEvent": true
}
[07/01/24, 13:30:01:668] info: Breadcrumb: electron: window.blur 
{
  "id": 2,
  "url": "https://app.slack.com/ssb/first?redir=%2Fssb%2Fclient"
}
[07/01/24, 13:30:01:668] info: Breadcrumb: electron: app.browser-window-blur 
[07/01/24, 13:30:01:668] info: Store: SET_WINDOW_FRAME 
{
  "id": 2,
  "frame": {
    "isFocused": false
  },
  "fromEvent": true
}
[07/01/24, 13:30:01:760] info: Store: SET_NETWORK_STATUS online
[07/01/24, 13:30:05:291] info: Store: persist/FLUSH 
[07/01/24, 13:31:00:357] info: Store: UPDATE_SETTINGS 
{
  "lastClogForProxyInfo": 1719833460356
}
[07/01/24, 13:31:10:530] info: Breadcrumb: electron.net: undefined 
{
  "url": "https://app.slack.com/clog/track/",
  "method": "POST",
  "status_code": 200
}
[07/01/24, 13:31:10:653] info: Breadcrumb: electron.net: undefined 
{
  "url": "https://app.slack.com/clog/track/",
  "method": "POST",
  "status_code": 200
}
[07/01/24, 13:35:11:808] info: Store: SET_SYSTEM_IDLE idle
[07/01/24, 13:37:11:895] info: Store: SET_SYSTEM_IDLE active
[07/01/24, 13:37:31:907] info: Store: SET_SYSTEM_IDLE idle
[07/01/24, 13:38:11:926] info: Store: SET_SYSTEM_IDLE active
[07/01/24, 13:45:03:233] info: Breadcrumb: electron: window.focus 
{
  "id": 2,
  "url": "https://app.slack.com/ssb/first?redir=%2Fssb%2Fclient"
}
[07/01/24, 13:45:03:233] info: Breadcrumb: electron: app.browser-window-focus 
[07/01/24, 13:45:03:234] info: Store: SET_WINDOW_FRAME 
{
  "id": 2,
  "frame": {
    "isFocused": true
  },
  "fromEvent": true
}
[07/01/24, 13:45:04:744] info: Breadcrumb: electron: window.close 
{
  "id": 2,
  "url": "https://app.slack.com/ssb/first?redir=%2Fssb%2Fclient"
}
[07/01/24, 13:45:04:745] info: Main window closed, consider it a quit action 
{
  "runFromTray": true,
  "keepAppInTaskbar": false
}
[07/01/24, 13:45:04:745] info: Store: QUIT_APP 
[07/01/24, 13:45:04:748] info: Breadcrumb: electron: window.hide 
{
  "id": 2,
  "url": "https://app.slack.com/ssb/first?redir=%2Fssb%2Fclient"
}
[07/01/24, 13:45:04:749] info: EpicHelpers: Flushing cookie store for session 
{
  "sessionId": "PROD_DEFAULT_SESSION"
}
[07/01/24, 13:45:04:749] info: Disposing sL… 
[07/01/24, 13:45:04:750] info: Disposing yL… 
[07/01/24, 13:45:04:750] info: Disposing x0… 
[07/01/24, 13:45:04:750] info: Store: DOWNLOADS_CLEANED_UP 
[07/01/24, 13:45:04:750] info: Store: SET_WINDOW_FRAME 
{
  "id": 2,
  "frame": {
    "isVisible": false
  },
  "fromEvent": true
}
[07/01/24, 13:45:04:752] info: Breadcrumb: electron: window.blur 
{
  "id": 2,
  "url": "https://app.slack.com/ssb/first?redir=%2Fssb%2Fclient"
}
[07/01/24, 13:45:04:752] info: Breadcrumb: electron: app.browser-window-blur 
[07/01/24, 13:45:04:752] info: Store: SET_WINDOW_FRAME 
{
  "id": 2,
  "frame": {
    "isFocused": false
  },
  "fromEvent": true
}
[07/01/24, 13:45:04:754] info: flushLocalSettings: Flushing local-settings.json 
{
  "keys": [
    "useHwAcceleration",
    "rxLogging"
  ]
}
[07/01/24, 13:45:04:754] info: LocalSettings: updating values 
{
  "key": "useHwAcceleration",
  "value": true
}
[07/01/24, 13:45:04:757] info: Store: persist/FLUSH 
[07/01/24, 13:45:04:758] info: Closing main window 
{
  "id": 2
}
[07/01/24, 13:45:04:758] info: closeWindow: attempt to close window 
{
  "id": 2
}
[07/01/24, 13:45:04:758] info: Breadcrumb: electron: window.close 
{
  "id": 2,
  "url": "https://app.slack.com/ssb/first?redir=%2Fssb%2Fclient"
}
[07/01/24, 13:45:04:763] info: registerLifeCycleEvents: webContents:2 from 'loaded' to 'page-closed' took 903111 ms 
[07/01/24, 13:45:04:763] info: Store: UPSERT_WEB_CONTENTS 
{
  "id": 2,
  "state": "page-closed"
}
[07/01/24, 13:45:04:764] info: Breadcrumb: electron: renderer.destroyed 
{
  "id": 2,
  "url": "https://app.slack.com/ssb/first?redir=%2Fssb%2Fclient"
}
[07/01/24, 13:45:04:765] info: Store: REMOVE_WEB_CONTENTS 
{
  "id": 2
}
[07/01/24, 13:45:04:767] info: Breadcrumb: electron: window.closed 
{
  "id": 2,
  "url": "https://app.slack.com/ssb/first?redir=%2Fssb%2Fclient"
}
[07/01/24, 13:45:04:768] info: Store: REMOVE_WINDOW 2
[07/01/24, 13:45:04:770] info: 
+-------------------+-------------+
| FLUSH_COOKIES     | 4.926038ms  |
|-------------------+-------------+
| FLUSH_STORE       | 0.383029ms  |
|-------------------+-------------+
| REMOVE_DICT       | 0.380985ms  |
|-------------------+-------------+
| FLUSH_TELEMETRY   | 0.128862ms  |
|-------------------+-------------+
| CLOSE_MAIN_WINDOW | 10.362066ms |
|-------------------+-------------+
| TOTAL             | 21.961618ms |
+-------------------+-------------+ 
[07/01/24, 13:45:04:770] info: quitApplicationEpic: Finished, calling app.quit 
[07/01/24, 13:45:04:771] info: Breadcrumb: electron: app.before-quit 
[07/01/24, 13:45:04:771] info: Telling native-keymap to ignore all future events as we are quitting 
[07/01/24, 13:45:04:772] info: Breadcrumb: electron: app.will-quit 
[07/01/24, 13:45:04:916] info: Breadcrumb: electron: app.quit 
